LinkChecker 10.5.0
Copyright (C) 2000-2016 Bastian Kleineidam, 2010-2024 LinkChecker Authors
LinkChecker comes with ABSOLUTELY NO WARRANTY!
This is free software, and you are welcome to redistribute it under
certain conditions. Look at the file `COPYING' within this distribution.
Read the documentation at https://linkchecker.github.io/linkchecker/
Write comments and bugs to https://github.com/linkchecker/linkchecker/issues

Start checking at 2024-12-02 11:58:40+002

URL        `https://sparxsystems.com/enterprise_architect_user_guide/15.0/model_domains/codetemplates_2.html'
Name       `Code Template Framework'
Parent URL http://localhost:8000/v2.2.0/, line 3116, col 364
Real URL   https://sparxsystems.com/enterprise_architect_user_guide/15.0/model_domains/codetemplates_2.html
Check time 1.998 seconds
Result     Error: 403 Forbidden

URL        `https://sparxsystems.com'
Name       `Enterprise Architect'
Parent URL http://localhost:8000/v2.2.0/, line 3128, col 155
Real URL   https://sparxsystems.com
Check time 0.689 seconds
Result     Error: 403 Forbidden

URL        `https://www.gemeentedelers.nl/'
Parent URL http://localhost:8000/v2.2.0/, line 3118, col 3
Real URL   https://vng.nl/gemeentedelers
Check time 1.899 seconds
Size       23.46KB
Warning    [http-redirected] Redirected to
           `https://vng.nl/gemeentedelers' status: 302 Found.
Result     Valid: 200 OK

URL        `https://sparxsystems.com/enterprise_architect_user_guide/17.0/getting_started/ea_lite.html'
Name       `Enterprise Architect Viewer'
Parent URL http://localhost:8000/v2.2.0/, line 3133, col 5
Real URL   https://sparxsystems.com/enterprise_architect_user_guide/17.0/getting_started/ea_lite.html
Check time 0.759 seconds
Result     Error: 403 Forbidden

URL        `https://sparxsystems.com/enterprise_architect_user_guide/17.0/getting_started/editiondifferences.html'
Name       `Enterprise Architect versie 17'
Parent URL http://localhost:8000/v2.2.0/, line 3133, col 141
Real URL   https://sparxsystems.com/enterprise_architect_user_guide/17.0/getting_started/editiondifferences.html
Check time 1.083 seconds
Result     Error: 403 Forbidden

URL        `https://sparxsystems.com/products/ea/trial/request.html'
Name       `Enterprise Architect versie 16'
Parent URL http://localhost:8000/v2.2.0/, line 3148, col 5
Real URL   https://sparxsystems.com/products/ea/trial/request.html
Check time 1.150 seconds
Result     Error: 403 Forbidden

URL        `https://aandeslagmetdeomgevingswet.nl/digitaal-stelsel/technisch-aansluiten/koppelvlakken/toepasbare-regels/standaard/'
Name       `Standaard- en informatiemodel toepasbare regels (STTR en IMTR)'
Parent URL http://localhost:8000/v2.2.0/, line 3240, col 5
Real URL   https://iplo.nl/digitaal-stelsel/aansluiten/standaarden/sttr-imtr/
Check time 1.458 seconds
Size       12.11KB
Warning    [http-redirected] Redirected to
           `https://iplo.nl/digitaal-stelsel/aansluiten/standaarden/sttr-imtr/'
           status: 301 Moved Permanently.
Result     Valid: 200 OK

URL        `https://aandeslagmetdeomgevingswet.nl/digitaal-stelsel/technisch-aansluiten/koppelvlakken/vergunningen/standaard/'
Name       `Standaard en informatiemodel aanvragen en meldingen (STAM en IMAM)'
Parent URL http://localhost:8000/v2.2.0/, line 3241, col 5
Real URL   https://iplo.nl/digitaal-stelsel/aansluiten/standaarden/stam-imam/
Check time 1.613 seconds
Size       13.33KB
Warning    [http-redirected] Redirected to
           `https://iplo.nl/digitaal-stelsel/aansluiten/standaarden/stam-imam/'
           status: 301 Moved Permanently.
Result     Valid: 200 OK

URL        `https://www.geonovum.nl/geo-standaarden/geography-markup-language-gml/gml-encoding-standard-321'
Name       `GML 3.2.1. (Geography Markup Language)'
Parent URL http://localhost:8000/v2.2.0/, line 3244, col 5
Real URL   https://www.geonovum.nl/geo-standaarden/geography-markup-language-gml/gml-encoding-standard-322
Check time 1.513 seconds
Warning    [http-redirected] Redirected to
           `https://www.geonovum.nl/geo-standaarden/geography-markup-language-gml/gml-encoding-standard-322'
           status: 301 Moved Permanently.
Result     Valid: 200 OK

URL        `https://aandeslagmetdeomgevingswet.nl/digitaal-stelsel/technisch-aansluiten/koppelvlakken/omgevingsdocumenten/standaard-officiele/'
Name       `Standaard officiële publicaties (STOP/TPOD)'
Parent URL http://localhost:8000/v2.2.0/, line 3242, col 5
Real URL   https://iplo.nl/digitaal-stelsel/aansluiten/standaarden/stop-tpod-imop/
Check time 2.223 seconds
Size       10.17KB
Warning    [http-redirected] Redirected to
           `https://iplo.nl/digitaal-stelsel/aansluiten/standaarden/stop-tpod-imop/'
           status: 301 Moved Permanently.
Result     Valid: 200 OK

URL        `https://www.geonovum.nl/geo-standaarden/bgt-imgeo/gegevenscatalogus-imgeo-versie-211'
Name       `IMBGT/IMGeo versie 2.1.1: (Informatiemodel Basisregistratie grootschalige Topografie/ Informatiemodel Geo)'
Parent URL http://localhost:8000/v2.2.0/, line 3246, col 5
Real URL   https://www.geonovum.nl/geo-standaarden/bgt-imgeo/voorlaatste-versie-gegevenscatalogus-imgeo-versie-211
Check time 2.131 seconds
Warning    [http-redirected] Redirected to
           `https://www.geonovum.nl/geo-standaarden/bgt-imgeo/voorlaatste-versie-gegevenscatalogus-imgeo-versie-211'
           status: 301 Moved Permanently.
Result     Valid: 200 OK

URL        `https://www.divosa.nl/projecten/data-delen-over-armoede-en-schulden'
Name       `DDAS'
Parent URL http://localhost:8000/v2.2.0/domeinen/schuldhulp/, line 3007, col 421
Real URL   https://www.divosa.nl/projecten/data-delen-armoede-en-schulden
Check time 0.400 seconds
Size       9KB
Warning    [http-redirected] Redirected to
           `https://www.divosa.nl/projecten/data-delen-armoede-en-schulden'
           status: 301 Moved Permanently.
Result     Valid: 200 OK

URL        `http://decentrale.regelgeving.overheid.nl/cvdr/xhtmloutput/Historie/Delft/45676/45676_1.html'
Name       `Monumentenverordening gemeente Delft'
Parent URL http://localhost:8000/v2.2.0/monumenten/, line 2994, col 5
Real URL   https://lokaleregelgeving.overheid.nl/CVDR45676/1
Check time 1.149 seconds
Warning    [http-redirected] Redirected to
           `https://decentrale.regelgeving.overheid.nl/cvdr/xhtmloutput/Historie/Delft/45676/45676_1.html'
           status: 302 Found.
           [http-redirected] Redirected to
           `https://lokaleregelgeving.overheid.nl/cvdr/xhtmloutput/Historie/Delft/45676/45676_1.html'
           status: 301 Moved Permanently.
           [http-redirected] Redirected to
           `https://lokaleregelgeving.overheid.nl/CVDR45676/1'
           status: 302 .
Result     Valid: 200 

URL        `https://www.delft.nl/wonen/bouwen/welstand/welstandseisen'
Name       `Welstandsbeleid en sneltoetscriteria (incl. Welstandsnota Delft)'
Parent URL http://localhost:8000/v2.2.0/monumenten/, line 2995, col 5
Real URL   https://www.delft.nl/welstandseisen
Check time 0.233 seconds
Size       33.88KB
Warning    [http-redirected] Redirected to
           `https://www.delft.nl/welstandseisen' status: 301
           Moved Permanently.
Result     Valid: 200 OK

URL        `http://decentrale.regelgeving.overheid.nl/cvdr/xhtmloutput/Historie/Delft/42682/42682_3.html'
Name       `Verordening op de Commissie voor Welstand en Monumenten'
Parent URL http://localhost:8000/v2.2.0/monumenten/, line 2996, col 5
Real URL   https://lokaleregelgeving.overheid.nl/CVDR42682/3
Check time 1.292 seconds
Warning    [http-redirected] Redirected to
           `https://decentrale.regelgeving.overheid.nl/cvdr/xhtmloutput/Historie/Delft/42682/42682_3.html'
           status: 302 Found.
           [http-redirected] Redirected to
           `https://lokaleregelgeving.overheid.nl/cvdr/xhtmloutput/Historie/Delft/42682/42682_3.html'
           status: 301 Moved Permanently.
           [http-redirected] Redirected to
           `https://lokaleregelgeving.overheid.nl/CVDR42682/3'
           status: 302 .
Result     Valid: 200 

URL        `https://sparxsystems.com/enterprise_architect_user_guide/17.0/modeling_domains/codetemplates_2.html'
Name       `Code Template Framework'
Parent URL http://localhost:8000/v2.2.0/generatie/, line 3236, col 172
Real URL   https://sparxsystems.com/enterprise_architect_user_guide/17.0/modeling_domains/codetemplates_2.html
Check time 0.163 seconds
Result     Error: 403 Forbidden

URL        `https://zakelijk.kadaster.nl/rijksdriehoeksstelsel'
Name       `rijksdriehoekcoördinaten'
Parent URL http://localhost:8000/v2.2.0/generatie/, line 3331, col 198
Real URL   https://www.kadaster.nl/zakelijk/registraties/basisregistraties/rijksdriehoeksmeting/rijksdriehoeksstelsel
Check time 0.670 seconds
Warning    [http-redirected] Redirected to
           `https://www.kadaster.nl/zakelijk/registraties/basisregistraties/rijksdriehoeksmeting/rijksdriehoeksstelsel'
           status: 301 Moved Permanently.
Result     Valid: 200 OK

URL        `https://sparxsystems.com/enterprise_architect_user_guide/16.1/modeling_fundamentals/transformationtemplates.html'
Name       `toelichting'
Parent URL http://localhost:8000/v2.2.0/generatie/, line 3422, col 83
Real URL   https://sparxsystems.com/enterprise_architect_user_guide/16.1/modeling_fundamentals/transformationtemplates.html
Check time 0.104 seconds
Result     Error: 403 Forbidden

Statistics:
Downloaded: 7.29MB.
Content types: 152 image, 232 text, 0 video, 0 audio, 401 application, 0 mail and 36 other.
URL lengths: min=14, max=899, avg=89.

That's it. 821 links in 836 URLs checked. 15 warnings found. 7 errors found.
Stopped checking at 2024-12-02 12:21:52+002 (23 minutes, 11 seconds)
